venv\Scripts\python : 
WARNING: All log messages 
before 
absl::InitializeLog() is 
called are written to 
STDERR
At line:1 char:1
+ venv\Scripts\python 
train.py --epochs 1 2>&1 
| Out-File -FilePath tra 
...
+ ~~~~~~~~~~~~~~~~~~~~~~~~
~~~~~~~~~~~~~~~~~~~~
    + CategoryInfo        
      : NotSpecified: (W  
  ARNING: All lo...itte   
 n to STDERR:String) [    
], RemoteException
    + FullyQualifiedError 
   Id : NativeCommandErr  
  or
 
I0000 
00:00:1776810270.919955   
21664 port.cc:153] oneDNN 
custom operations are on. 
You may see slightly 
different numerical 
results due to 
floating-point round-off 
errors from different 
computation orders. To 
turn them off, set the 
environment variable 
`TF_ENABLE_ONEDNN_OPTS=0`.
WARNING: All log messages 
before 
absl::InitializeLog() is 
called are written to 
STDERR
I0000 
00:00:1776810274.021797   
21664 port.cc:153] oneDNN 
custom operations are on. 
You may see slightly 
different numerical 
results due to 
floating-point round-off 
errors from different 
computation orders. To 
turn them off, set the 
environment variable 
`TF_ENABLE_ONEDNN_OPTS=0`.
WARNING:tensorflow:TensorF
low GPU support is not 
available on native 
Windows for TensorFlow >= 
2.11. Even if CUDA/cuDNN 
are installed, GPU will 
not be used. Please use 
WSL2 or the 
TensorFlow-DirectML 
plugin.
[INFO] No GPU detected û running on CPU

=======================================================
  STEP 1: Dataset download & preparation
=======================================================
[INFO] Downloading dataset via kagglehub à
[INFO] Downloaded to: C:\Users\anshr\.cache\kagglehub\datasets\navoneel\brain-mri-images-for-brain-tumor-detection\versions\1
[INFO] Dataset root found at: C:\Users\anshr\.cache\kagglehub\datasets\navoneel\brain-mri-images-for-brain-tumor-detection\versions\1
[INFO] Found 155 tumor images, 98 non-tumor images  (total=253)
[INFO] Train=177  Val=38  Test=38
Found 177 validated image filenames belonging to 2 classes.
Found 38 validated image filenames belonging to 2 classes.
Found 38 validated image filenames belonging to 2 classes.
I0000 
00:00:1776810278.856311   
21664 
cpu_feature_guard.cc:227] 
This TensorFlow binary is 
optimized to use 
available CPU 
instructions in 
performance-critical 
operations.
To enable the following 
instructions: SSE3 SSE4.1 
SSE4.2 AVX AVX2 AVX512F 
AVX512_VNNI FMA, in other 
operations, rebuild 
TensorFlow with the 
appropriate compiler 
flags.

=======================================================
  STEP 2: Building model
=======================================================
[INFO] VGG16 total layers : 19
[INFO] Trainable from idx : 15 (4 layers)
Model: "BrainTumorVGG16"
+--------------------------------------------------------------------------+
| Layer (type)                    | Output Shape           |       Param # |
|---------------------------------+------------------------+---------------|
| mri_input (InputLayer)          | (None, 224, 224, 3)    |             0 |
|---------------------------------+------------------------+---------------|
| vgg16 (Functional)              | (None, 7, 7, 512)      |    14,714,688 |
|---------------------------------+------------------------+---------------|
| gap (GlobalAveragePooling2D)    | (None, 512)            |             0 |
|---------------------------------+------------------------+---------------|
| fc1 (Dense)                     | (None, 256)            |       131,328 |
|---------------------------------+------------------------+---------------|
| bn1 (BatchNormalization)        | (None, 256)            |         1,024 |
|---------------------------------+------------------------+---------------|
| relu1 (Activation)              | (None, 256)            |             0 |
|---------------------------------+------------------------+---------------|
| dropout1 (Dropout)              | (None, 256)            |             0 |
|---------------------------------+------------------------+---------------|
| output (Dense)                  | (None, 1)              |           257 |
+--------------------------------------------------------------------------+
 Total params: 14,847,297 (56.64 MB)
 Trainable params: 7,211,521 (27.51 MB)
 Non-trainable params: 7,635,776 (29.13 MB)


=======================================================
  STEP 3: Training
=======================================================

[1m1/6[0m [32m===[0m[37m=================[0m [1m23s[0m 5s/step - accuracy: 0.5625 - auc: 0.4773 - loss: 0.8315 - precision: 0.7857 - recall: 0.5000
[1m2/6[0m [32m======[0m[37m==============[0m [1m8s[0m 2s/step - accuracy: 0.5547 - auc: 0.5076 - loss: 0.8923 - precision: 0.7624 - recall: 0.4625 
[1m3/6[0m [32m==========[0m[37m==========[0m [1m6s[0m 2s/step - accuracy: 0.5469 - auc: 0.5328 - loss: 0.8895 - precision: 0.7374 - recall: 0.4370
[1m4/6[0m [32m=============[0m[37m=======[0m [1m4s[0m 2s/step - accuracy: 0.5449 - auc: 0.5556 - loss: 0.8729 - precision: 0.7349 - recall: 0.4290
[1m5/6[0m [32m================[0m[37m====[0m [1m2s[0m 2s/step - accuracy: 0.5534 - auc: 0.5798 - loss: 0.8480 - precision: 0.7453 - recall: 0.4383
[1m6/6[0m [32m====================[0m[37m[0m [1m0s[0m 2s/step - accuracy: 0.5620 - auc: 0.5983 - loss: 0.8278 - precision: 0.7510 - recall: 0.4470
Epoch 1: val_accuracy improved from None to 0.36842, saving model to models\model.h5
WARNING:absl:You are 
saving your model as an 
HDF5 file via 
`model.save()` or `keras.s
aving.save_model(model)`. 
This file format is 
considered legacy. We 
recommend using instead 
the native Keras format, 
e.g. `model.save('my_model
.keras')` or `keras.saving
.save_model(model, 
'my_model.keras')`. 

Epoch 1: finished saving model to models\model.h5

[1m6/6[0m [32m====================[0m[37m[0m [1m19s[0m 3s/step - accuracy: 0.6045 - auc: 0.6906 - loss: 0.7269 - precision: 0.7794 - recall: 0.4907 - val_accuracy: 0.3684 - val_auc: 0.9286 - val_loss: 0.6914 - val_precision: 0.0000e+00 - val_recall: 0.0000e+00 - learning_rate: 1.0000e-04
Restoring model weights from the end of the best epoch: 1.

=======================================================
  STEP 4: Evaluation on test set
=======================================================

[1m1/2[0m [32m==========[0m[37m==========[0m [1m2s[0m 2s/step - accuracy: 0.3750 - auc: 0.8701 - loss: 0.7039 - precision: 1.0000 - recall: 0.0476
[1m2/2[0m [32m====================[0m[37m[0m [1m0s[0m 340ms/step - accuracy: 0.3980 - auc: 0.8836 - loss: 0.6952 - precision: 1.0000 - recall: 0.0455
[1m2/2[0m [32m====================[0m[37m[0m [1m2s[0m 350ms/step - accuracy: 0.4211 - auc: 0.8971 - loss: 0.6865 - precision: 1.0000 - recall: 0.0435

  Test Loss     : 0.6865
  Test Accuracy : 0.4211

[1m1/2[0m [32m==========[0m[37m==========[0m [1m1s[0m 2s/step
[1m2/2[0m [32m====================[0m[37m[0m [1m0s[0m 468ms/step
[1m2/2[0m [32m====================[0m[37m[0m [1m2s[0m 475ms/step
Traceback (most recent 
call last):
  File "C:\Users\anshr\Des
ktop\Ansh_model\brain-tumo
r-app\train.py", line 
241, in <module>
    main()
  File "C:\Users\anshr\Des
ktop\Ansh_model\brain-tumo
r-app\train.py", line 
186, in main
    y_true = np.array(test
_gen.labels).astype(int)
             
^^^^^^^^^^^^^^^^^^^^^^
AttributeError: 'list' 
object has no attribute 
'astype'
